0 info it worked if it ends with ok
1 verbose cli [ '/usr/local/bin/iojs',
1 verbose cli   '/usr/local/bin/npm',
1 verbose cli   'run',
1 verbose cli   'mock-server' ]
2 info using npm@2.9.0
3 info using node@v2.0.1
4 verbose run-script [ 'premock-server', 'mock-server', 'postmock-server' ]
5 info premock-server eapp-admin@0.1.0
6 info mock-server eapp-admin@0.1.0
7 verbose unsafe-perm in lifecycle true
8 info eapp-admin@0.1.0 Failed to exec mock-server script
9 verbose stack Error: eapp-admin@0.1.0 mock-server: `node test/mock-server.js`
9 verbose stack Exit status 1
9 verbose stack     at EventEmitter.<anonymous> (/usr/local/lib/node_modules/npm/lib/utils/lifecycle.js:213:16)
9 verbose stack     at emitTwo (events.js:87:13)
9 verbose stack     at EventEmitter.emit (events.js:169:7)
9 verbose stack     at ChildProcess.<anonymous> (/usr/local/lib/node_modules/npm/lib/utils/spawn.js:24:14)
9 verbose stack     at emitTwo (events.js:87:13)
9 verbose stack     at ChildProcess.emit (events.js:169:7)
9 verbose stack     at maybeClose (child_process.js:953:16)
9 verbose stack     at Process.ChildProcess._handle.onexit (child_process.js:1020:5)
10 verbose pkgid eapp-admin@0.1.0
11 verbose cwd /Users/grayfox/Repositories/eapp-admin
12 error Darwin 15.0.0
13 error argv "/usr/local/bin/iojs" "/usr/local/bin/npm" "run" "mock-server"
14 error node v2.0.1
15 error npm  v2.9.0
16 error code ELIFECYCLE
17 error eapp-admin@0.1.0 mock-server: `node test/mock-server.js`
17 error Exit status 1
18 error Failed at the eapp-admin@0.1.0 mock-server script 'node test/mock-server.js'.
18 error This is most likely a problem with the eapp-admin package,
18 error not with npm itself.
18 error Tell the author that this fails on your system:
18 error     node test/mock-server.js
18 error You can get their info via:
18 error     npm owner ls eapp-admin
18 error There is likely additional logging output above.
19 verbose exit [ 1, true ]
